2024-03-19T14:54:27+00:00 CRITICAL Uncaught ArgumentCountError: Too few arguments to function add_shortcode(), 1 passed in C:\xampp\htdocs\RightsEdu\wp-content\themes\RE-customTheme\header.php on line 117 and exactly 2 expected in C:\xampp\htdocs\RightsEdu\wp-includes\shortcodes.php:63
Stack trace:
#0 C:\xampp\htdocs\RightsEdu\wp-content\themes\RE-customTheme\header.php(117): add_shortcode(Array)
#1 C:\xampp\htdocs\RightsEdu\wp-includes\template.php(790): require_once('C:\\xampp\\htdocs...')
#2 C:\xampp\htdocs\RightsEdu\wp-includes\template.php(725): load_template('C:\\xampp\\htdocs...', true, Array)
#3 C:\xampp\htdocs\RightsEdu\wp-includes\general-template.php(48): locate_template(Array, true, true, Array)
#4 C:\xampp\htdocs\RightsEdu\wp-content\themes\RE-customTheme\index.php(1): get_header()
#5 C:\xampp\htdocs\RightsEdu\wp-includes\template-loader.php(106): include('C:\\xampp\\htdocs...')
#6 C:\xampp\htdocs\RightsEdu\wp-blog-header.php(19): require_once('C:\\xampp\\htdocs...')
#7 C:\xampp\htdocs\RightsEdu\index.php(17): require('C:\\xampp\\htdocs...')
#8 {main}
  thrown in C:\xampp\htdocs\RightsEdu\wp-includes\shortcodes.php on line 63

2024-03-19T14:54:28+00:00 CRITICAL Uncaught ArgumentCountError: Too few arguments to function add_shortcode(), 1 passed in C:\xampp\htdocs\RightsEdu\wp-content\themes\RE-customTheme\header.php on line 117 and exactly 2 expected in C:\xampp\htdocs\RightsEdu\wp-includes\shortcodes.php:63
Stack trace:
#0 C:\xampp\htdocs\RightsEdu\wp-content\themes\RE-customTheme\header.php(117): add_shortcode(Array)
#1 C:\xampp\htdocs\RightsEdu\wp-includes\template.php(790): require_once('C:\\xampp\\htdocs...')
#2 C:\xampp\htdocs\RightsEdu\wp-includes\template.php(725): load_template('C:\\xampp\\htdocs...', true, Array)
#3 C:\xampp\htdocs\RightsEdu\wp-includes\general-template.php(48): locate_template(Array, true, true, Array)
#4 C:\xampp\htdocs\RightsEdu\wp-content\themes\RE-customTheme\index.php(1): get_header()
#5 C:\xampp\htdocs\RightsEdu\wp-includes\template-loader.php(106): include('C:\\xampp\\htdocs...')
#6 C:\xampp\htdocs\RightsEdu\wp-blog-header.php(19): require_once('C:\\xampp\\htdocs...')
#7 C:\xampp\htdocs\RightsEdu\index.php(17): require('C:\\xampp\\htdocs...')
#8 {main}
  thrown in C:\xampp\htdocs\RightsEdu\wp-includes\shortcodes.php on line 63

2024-03-19T14:54:28+00:00 CRITICAL Uncaught ArgumentCountError: Too few arguments to function add_shortcode(), 1 passed in C:\xampp\htdocs\RightsEdu\wp-content\themes\RE-customTheme\header.php on line 117 and exactly 2 expected in C:\xampp\htdocs\RightsEdu\wp-includes\shortcodes.php:63
Stack trace:
#0 C:\xampp\htdocs\RightsEdu\wp-content\themes\RE-customTheme\header.php(117): add_shortcode(Array)
#1 C:\xampp\htdocs\RightsEdu\wp-includes\template.php(790): require_once('C:\\xampp\\htdocs...')
#2 C:\xampp\htdocs\RightsEdu\wp-includes\template.php(725): load_template('C:\\xampp\\htdocs...', true, Array)
#3 C:\xampp\htdocs\RightsEdu\wp-includes\general-template.php(48): locate_template(Array, true, true, Array)
#4 C:\xampp\htdocs\RightsEdu\wp-content\themes\RE-customTheme\index.php(1): get_header()
#5 C:\xampp\htdocs\RightsEdu\wp-includes\template-loader.php(106): include('C:\\xampp\\htdocs...')
#6 C:\xampp\htdocs\RightsEdu\wp-blog-header.php(19): require_once('C:\\xampp\\htdocs...')
#7 C:\xampp\htdocs\RightsEdu\index.php(17): require('C:\\xampp\\htdocs...')
#8 {main}
  thrown in C:\xampp\htdocs\RightsEdu\wp-includes\shortcodes.php on line 63

2024-03-19T14:54:41+00:00 CRITICAL Uncaught ArgumentCountError: Too few arguments to function add_shortcode(), 1 passed in C:\xampp\htdocs\RightsEdu\wp-content\themes\RE-customTheme\header.php on line 117 and exactly 2 expected in C:\xampp\htdocs\RightsEdu\wp-includes\shortcodes.php:63
Stack trace:
#0 C:\xampp\htdocs\RightsEdu\wp-content\themes\RE-customTheme\header.php(117): add_shortcode(Array)
#1 C:\xampp\htdocs\RightsEdu\wp-includes\template.php(790): require_once('C:\\xampp\\htdocs...')
#2 C:\xampp\htdocs\RightsEdu\wp-includes\template.php(725): load_template('C:\\xampp\\htdocs...', true, Array)
#3 C:\xampp\htdocs\RightsEdu\wp-includes\general-template.php(48): locate_template(Array, true, true, Array)
#4 C:\xampp\htdocs\RightsEdu\wp-content\themes\RE-customTheme\index.php(1): get_header()
#5 C:\xampp\htdocs\RightsEdu\wp-includes\template-loader.php(106): include('C:\\xampp\\htdocs...')
#6 C:\xampp\htdocs\RightsEdu\wp-blog-header.php(19): require_once('C:\\xampp\\htdocs...')
#7 C:\xampp\htdocs\RightsEdu\index.php(17): require('C:\\xampp\\htdocs...')
#8 {main}
  thrown in C:\xampp\htdocs\RightsEdu\wp-includes\shortcodes.php on line 63

2024-03-19T14:54:42+00:00 CRITICAL Uncaught ArgumentCountError: Too few arguments to function add_shortcode(), 1 passed in C:\xampp\htdocs\RightsEdu\wp-content\themes\RE-customTheme\header.php on line 117 and exactly 2 expected in C:\xampp\htdocs\RightsEdu\wp-includes\shortcodes.php:63
Stack trace:
#0 C:\xampp\htdocs\RightsEdu\wp-content\themes\RE-customTheme\header.php(117): add_shortcode(Array)
#1 C:\xampp\htdocs\RightsEdu\wp-includes\template.php(790): require_once('C:\\xampp\\htdocs...')
#2 C:\xampp\htdocs\RightsEdu\wp-includes\template.php(725): load_template('C:\\xampp\\htdocs...', true, Array)
#3 C:\xampp\htdocs\RightsEdu\wp-includes\general-template.php(48): locate_template(Array, true, true, Array)
#4 C:\xampp\htdocs\RightsEdu\wp-content\themes\RE-customTheme\index.php(1): get_header()
#5 C:\xampp\htdocs\RightsEdu\wp-includes\template-loader.php(106): include('C:\\xampp\\htdocs...')
#6 C:\xampp\htdocs\RightsEdu\wp-blog-header.php(19): require_once('C:\\xampp\\htdocs...')
#7 C:\xampp\htdocs\RightsEdu\index.php(17): require('C:\\xampp\\htdocs...')
#8 {main}
  thrown in C:\xampp\htdocs\RightsEdu\wp-includes\shortcodes.php on line 63

2024-03-19T14:54:42+00:00 CRITICAL Uncaught ArgumentCountError: Too few arguments to function add_shortcode(), 1 passed in C:\xampp\htdocs\RightsEdu\wp-content\themes\RE-customTheme\header.php on line 117 and exactly 2 expected in C:\xampp\htdocs\RightsEdu\wp-includes\shortcodes.php:63
Stack trace:
#0 C:\xampp\htdocs\RightsEdu\wp-content\themes\RE-customTheme\header.php(117): add_shortcode(Array)
#1 C:\xampp\htdocs\RightsEdu\wp-includes\template.php(790): require_once('C:\\xampp\\htdocs...')
#2 C:\xampp\htdocs\RightsEdu\wp-includes\template.php(725): load_template('C:\\xampp\\htdocs...', true, Array)
#3 C:\xampp\htdocs\RightsEdu\wp-includes\general-template.php(48): locate_template(Array, true, true, Array)
#4 C:\xampp\htdocs\RightsEdu\wp-content\themes\RE-customTheme\index.php(1): get_header()
#5 C:\xampp\htdocs\RightsEdu\wp-includes\template-loader.php(106): include('C:\\xampp\\htdocs...')
#6 C:\xampp\htdocs\RightsEdu\wp-blog-header.php(19): require_once('C:\\xampp\\htdocs...')
#7 C:\xampp\htdocs\RightsEdu\index.php(17): require('C:\\xampp\\htdocs...')
#8 {main}
  thrown in C:\xampp\htdocs\RightsEdu\wp-includes\shortcodes.php on line 63

